<?xml version="1.0" encoding="UTF-8"?>
<testng-results skipped="0" failed="0" ignored="0" total="1" passed="1">
  <reporter-output>
  </reporter-output>
  <suite name="CastilleTestSuite" duration-ms="16751" started-at="2019-04-20T11:21:07Z" finished-at="2019-04-20T11:21:23Z">
    <groups>
    </groups>
    <test name="Test1" duration-ms="16751" started-at="2019-04-20T11:21:07Z" finished-at="2019-04-20T11:21:23Z">
      <class name="tests.VodafoneTest">
        <test-method status="PASS" signature="setUp()[pri:0, instance:tests.VodafoneTest@371a67ec]" name="setUp" is-config="true" duration-ms="7246" started-at="2019-04-20T11:21:07Z" finished-at="2019-04-20T11:21:14Z">
          <reporter-output>
          </reporter-output>
        </test-method> <!-- setUp -->
        <test-method status="PASS" signature="vodafoneTest()[pri:0, instance:tests.VodafoneTest@371a67ec]" name="vodafoneTest" duration-ms="6844" started-at="2019-04-20T11:21:14Z" finished-at="2019-04-20T11:21:21Z">
          <reporter-output>
          </reporter-output>
        </test-method> <!-- vodafoneTest -->
        <test-method status="PASS" signature="tearDown(org.testng.ITestResult)[pri:0, instance:tests.VodafoneTest@371a67ec]" name="tearDown" is-config="true" duration-ms="2633" started-at="2019-04-20T11:21:21Z" finished-at="2019-04-20T11:21:23Z">
          <params>
            <param index="0">
              <value>
                <![CDATA[[TestResult name=vodafoneTest status=SUCCESS method=VodafoneTest.vodafoneTest()[pri:0, instance:tests.VodafoneTest@371a67ec] output={null}]]]>
              </value>
            </param>
          </params>
          <reporter-output>
          </reporter-output>
        </test-method> <!-- tearDown -->
      </class> <!-- tests.VodafoneTest -->
    </test> <!-- Test1 -->
  </suite> <!-- CastilleTestSuite -->
</testng-results>
